<?xml version="1.0" encoding="UTF-8"?>
<!-- Generated by org.testng.reporters.JUnitReportReporter -->
<testsuite skipped="0" hostname="ASHISH-DUDE" name="action.NewTest" tests="1" failures="0" timestamp="13 Dec 2017 18:14:43 GMT" time="6.042" errors="0">
  <testcase name="testEasy" time="6.042" classname="action.NewTest"/>
</testsuite> <!-- action.NewTest -->
